d:\desktop\pcmanage\pcmanage\pcmanage\debug\pcmanage.pch
d:\desktop\pcmanage\pcmanage\pcmanage\debug\vc142.pdb
d:\desktop\pcmanage\pcmanage\pcmanage\debug\vc142.idb
d:\desktop\pcmanage\pcmanage\pcmanage\debug\pch.obj
d:\desktop\pcmanage\pcmanage\pcmanage\debug\systemhelper.obj
d:\desktop\pcmanage\pcmanage\pcmanage\debug\stringhelpercpp.obj
d:\desktop\pcmanage\pcmanage\pcmanage\debug\sortlistctrl.obj
d:\desktop\pcmanage\pcmanage\pcmanage\debug\processhelper.obj
d:\desktop\pcmanage\pcmanage\pcmanage\debug\privilegehelper.obj
d:\desktop\pcmanage\pcmanage\pcmanage\debug\pcmanagedlg.obj
d:\desktop\pcmanage\pcmanage\pcmanage\debug\pcmanage.obj
d:\desktop\pcmanage\pcmanage\pcmanage\debug\objecthelper.obj
d:\desktop\pcmanage\pcmanage\pcmanage\debug\ntdll.obj
d:\desktop\pcmanage\pcmanage\pcmanage\debug\injectionhelper.obj
d:\desktop\pcmanage\pcmanage\pcmanage\debug\filehelper.obj
d:\desktop\pcmanage\pcmanage\pcmanage\debug\cprocessdialog.obj
d:\desktop\pcmanage\pcmanage\pcmanage\debug\common.obj
d:\desktop\pcmanage\pcmanage\pcmanage\debug\cdriverdialog.obj
d:\desktop\pcmanage\pcmanage\debug\pcmanage.exe
d:\desktop\pcmanage\pcmanage\debug\pcmanage.ilk
d:\desktop\pcmanage\pcmanage\debug\pcmanage.pdb
d:\desktop\pcmanage\pcmanage\pcmanage\debug\pcmanage.res
d:\desktop\pcmanage\pcmanage\pcmanage\debug\pcmanage.tlog\cl.command.1.tlog
d:\desktop\pcmanage\pcmanage\pcmanage\debug\pcmanage.tlog\cl.read.1.tlog
d:\desktop\pcmanage\pcmanage\pcmanage\debug\pcmanage.tlog\cl.write.1.tlog
d:\desktop\pcmanage\pcmanage\pcmanage\debug\pcmanage.tlog\link.command.1.tlog
d:\desktop\pcmanage\pcmanage\pcmanage\debug\pcmanage.tlog\link.read.1.tlog
d:\desktop\pcmanage\pcmanage\pcmanage\debug\pcmanage.tlog\link.write.1.tlog
d:\desktop\pcmanage\pcmanage\pcmanage\debug\pcmanage.tlog\rc.command.1.tlog
d:\desktop\pcmanage\pcmanage\pcmanage\debug\pcmanage.tlog\rc.read.1.tlog
d:\desktop\pcmanage\pcmanage\pcmanage\debug\pcmanage.tlog\rc.write.1.tlog
